<?xml version="1.0" encoding="UTF-8"?>
<beans xmlns="http://www.springframework.org/schema/beans"
       xmlns:xsi="http://www.w3.org/2001/XMLSchema-instance"
       xmlns:mrc="http://www.garnish-test.org/schema/steps/restclient"
       xsi:schemaLocation="
           http://www.springframework.org/schema/beans          http://www.springframework.org/schema/beans/spring-beans.xsd
           http://www.garnish-test.org/schema/steps/restclient  http://www.garnish-test.org/schema/steps/restclient.xsd
       ">

    <mrc:rest-client baseUrl="http://www.example.com/no-request-parsers" />

</beans>